#
# There is insufficient memory for the Java Runtime Environment to continue.
# Native memory allocation (malloc) failed to allocate 1048576 bytes. Error detail: AllocateHeap
# Possible reasons:
#   The system is out of physical RAM or swap space
#   This process is running with CompressedOops enabled, and the Java Heap may be blocking the growth of the native heap
# Possible solutions:
#   Reduce memory load on the system
#   Increase physical memory or swap space
#   Check if swap backing store is full
#   Decrease Java heap size (-Xmx/-Xms)
#   Decrease number of Java threads
#   Decrease Java thread stack sizes (-Xss)
#   Set larger code cache with -XX:ReservedCodeCacheSize=
#   JVM is running with Unscaled Compressed Oops mode in which the Java heap is
#     placed in the first 4GB address space. The Java Heap base address is the
#     maximum limit for the native heap growth. Please use -XX:HeapBaseMinAddress
#     to set the Java Heap base and to place the Java Heap above 4GB virtual address.
# This output file may be truncated or incomplete.
#
#  Out of Memory Error (allocation.cpp:44), pid=2528, tid=4208
#
# JRE version:  (17.0.13+11) (build )
# Java VM: OpenJDK 64-Bit Server VM (17.0.13+11, mixed mode, tiered, compressed oops, compressed class ptrs, parallel gc, windows-amd64)
# No core dump will be written. Minidumps are not enabled by default on client versions of Windows
#

---------------  S U M M A R Y ------------

Command Line: --add-modules=ALL-SYSTEM --add-opens=java.base/java.util=ALL-UNNAMED --add-opens=java.base/java.lang=ALL-UNNAMED --add-opens=java.base/sun.nio.fs=ALL-UNNAMED -Declipse.application=org.eclipse.jdt.ls.core.id1 -Dosgi.bundles.defaultStartLevel=4 -Declipse.product=org.eclipse.jdt.ls.core.product -Djava.import.generatesMetadataFilesAtProjectRoot=false -DDetectVMInstallationsJob.disabled=true -Dfile.encoding=utf8 -XX:+UseParallelGC -XX:GCTimeRatio=4 -XX:AdaptiveSizePolicyWeight=90 -Dsun.zip.disableMemoryMapping=true -Xmx1G -Xms100m -Xlog:disable -javaagent:c:\Users\ceiots\.vscode\extensions\redhat.java-1.37.0-win32-x64\lombok\lombok-1.18.34.jar c:\Users\ceiots\.vscode\extensions\redhat.java-1.37.0-win32-x64\server\plugins\org.eclipse.equinox.launcher_1.6.900.v20240613-2009.jar -configuration c:\Users\ceiots\AppData\Roaming\Code\User\globalStorage\redhat.java\1.37.0\config_ss_win -data c:\Users\ceiots\AppData\Roaming\Code\User\workspaceStorage\74aea10f64176e60cd35af38484cf8f6\redhat.java\ss_ws --pipe=\\.\pipe\lsp-07f57cfb7bc86d25bc1baebfe23c98e1-sock

Host: AMD Ryzen 7 4800H with Radeon Graphics         , 16 cores, 15G,  Windows 10 , 64 bit Build 19041 (10.0.19041.5072)
Time: Tue Dec  3 17:57:20 2024  Windows 10 , 64 bit Build 19041 (10.0.19041.5072) elapsed time: 0.028657 seconds (0d 0h 0m 0s)

---------------  T H R E A D  ---------------

Current thread (0x0000027c0fc15c40):  JavaThread "Unknown thread" [_thread_in_vm, id=4208, stack(0x0000008fb1f00000,0x0000008fb2000000)]

Stack: [0x0000008fb1f00000,0x0000008fb2000000]
Native frames: (J=compiled Java code, j=interpreted, Vv=VM code, C=native code)
V  [jvm.dll+0x682a19]
V  [jvm.dll+0x839538]
V  [jvm.dll+0x83afe3]
V  [jvm.dll+0x83b653]
V  [jvm.dll+0x24704f]
V  [jvm.dll+0xa7543]
V  [jvm.dll+0x6b5fca]
V  [jvm.dll+0x6b6dde]
V  [jvm.dll+0x68f243]
V  [jvm.dll+0x80bb63]
V  [jvm.dll+0x36b514]
V  [jvm.dll+0x7e9e3f]
V  [jvm.dll+0x3f1d7f]
V  [jvm.dll+0x3f38b1]
C  [jli.dll+0x5278]
C  [ucrtbase.dll+0x21bb2]
C  [KERNEL32.DLL+0x17374]
C  [ntdll.dll+0x4cc91]


---------------  P R O C E S S  ---------------

Threads class SMR info:
_java_thread_list=0x00007ffdfa127f58, length=0, elements={
}

Java Threads: ( => current thread )

Other Threads:
  0x0000027c0fc2a820 GCTaskThread "GC Thread#0" [stack: 0x0000008fb2000000,0x0000008fb2100000] [id=9276]

=>0x0000027c0fc15c40 (exited) JavaThread "Unknown thread" [_thread_in_vm, id=4208, stack(0x0000008fb1f00000,0x0000008fb2000000)]

Threads with active compile tasks:

VM state: not at safepoint (normal execution)

VM Mutex/Monitor currently owned by a thread: None

Heap address: 0x00000000c0000000, size: 1024 MB, Compressed Oops mode: 32-bit

CDS archive(s) not mapped
Compressed class space mapped at: 0x0000000100000000-0x0000000140000000, reserved size: 1073741824
Narrow klass base: 0x0000000000000000, Narrow klass shift: 3, Narrow klass range: 0x140000000

GC Precious Log:
 CPUs: 16 total, 16 available
 Memory: 15741M
 Large Page Support: Disabled
 NUMA Support: Disabled
 Compressed Oops: Enabled (32-bit)
 Alignments: Space 512K, Generation 512K, Heap 2M
 Heap Min Capacity: 100M
 Heap Initial Capacity: 100M
 Heap Max Capacity: 1G
 Pre-touch: Disabled
 Parallel Workers: 13

Heap:
 PSYoungGen      total 29696K, used 512K [0x00000000eab00000, 0x00000000ecc00000, 0x0000000100000000)
  eden space 25600K, 2% used [0x00000000eab00000,0x00000000eab80070,0x00000000ec400000)
  from space 4096K, 0% used [0x00000000ec800000,0x00000000ec800000,0x00000000ecc00000)
  to   space 4096K, 0% used [0x00000000ec400000,0x00000000ec400000,0x00000000ec800000)
 ParOldGen       total 68608K, used 0K [0x00000000c0000000, 0x00000000c4300000, 0x00000000eab00000)
  object space 68608K, 0% used [0x00000000c0000000,0x00000000c0000000,0x00000000c4300000)
 Metaspace       used 1149K, committed 1216K, reserved 1114112K
  class space    used 101K, committed 128K, reserved 1048576K

Card table byte_map: [0x0000027c21e40000,0x0000027c22050000] _byte_map_base: 0x0000027c21840000

Marking Bits: (ParMarkBitMap*) 0x00007ffdfa196940
 Begin Bits: [0x0000027c221b0000, 0x0000027c231b0000)
 End Bits:   [0x0000027c231b0000, 0x0000027c241b0000)

Polling page: 0x0000027c0e360000

Metaspace:

Usage:
  Non-class:      1.02 MB used.
      Class:    101.05 KB used.
       Both:      1.12 MB used.

Virtual space:
  Non-class space:       64.00 MB reserved,       1.06 MB (  2%) committed,  1 nodes.
      Class space:        1.00 GB reserved,     128.00 KB ( <1%) committed,  1 nodes.
             Both:        1.06 GB reserved,       1.19 MB ( <1%) committed. 

Chunk freelists:
   Non-Class:  12.00 MB
       Class:  15.75 MB
        Both:  27.75 MB

MaxMetaspaceSize: unlimited
CompressedClassSpaceSize: 1.00 GB
Initial GC threshold: 21.00 MB
Current GC threshold: 17179869184.00 GB
CDS: off
MetaspaceReclaimPolicy: balanced
 - commit_granule_bytes: 65536.
 - commit_granule_words: 8192.
 - virtual_space_node_default_size: 8388608.
 - enlarge_chunks_in_place: 1.
 - new_chunks_are_fully_committed: 0.
 - uncommit_free_chunks: 1.
 - use_allocation_guard: 0.
 - handle_deallocations: 1.


Internal statistics:

num_allocs_failed_limit: 0.
num_arena_births: 2.
num_arena_deaths: 0.
num_vsnodes_births: 2.
num_vsnodes_deaths: 0.
num_space_committed: 19.
num_space_uncommitted: 0.
num_chunks_returned_to_freelist: 0.
num_chunks_taken_from_freelist: 3.
num_chunk_merges: 0.
num_chunk_splits: 2.
num_chunks_enlarged: 0.
num_inconsistent_stats: 0.

CodeHeap 'non-profiled nmethods': size=119168Kb used=0Kb max_used=0Kb free=119168Kb
 bounds [0x0000027c1a800000, 0x0000027c1aa70000, 0x0000027c21c60000]
CodeHeap 'profiled nmethods': size=119104Kb used=0Kb max_used=0Kb free=119104Kb
 bounds [0x0000027c12c60000, 0x0000027c12ed0000, 0x0000027c1a0b0000]
CodeHeap 'non-nmethods': size=7488Kb used=202Kb max_used=353Kb free=7285Kb
 bounds [0x0000027c1a0b0000, 0x0000027c1a320000, 0x0000027c1a800000]
 total_blobs=66 nmethods=0 adapters=47
 compilation: enabled
              stopped_count=0, restarted_count=0
 full_count=0

Compilation events (0 events):
No events

GC Heap History (0 events):
No events

Dll operation events (1 events):
Event: 0.010 Loaded shared library c:\Users\ceiots\.vscode\extensions\redhat.java-1.37.0-win32-x64\jre\17.0.13-win32-x86_64\bin\java.dll

Deoptimization events (0 events):
No events

Classes loaded (20 events):
Event: 0.023 Loading class java/lang/Long
Event: 0.023 Loading class java/lang/Long done
Event: 0.023 Loading class java/util/Iterator
Event: 0.023 Loading class java/util/Iterator done
Event: 0.023 Loading class java/lang/reflect/RecordComponent
Event: 0.023 Loading class java/lang/reflect/RecordComponent done
Event: 0.023 Loading class jdk/internal/vm/vector/VectorSupport
Event: 0.023 Loading class jdk/internal/vm/vector/VectorSupport done
Event: 0.023 Loading class jdk/internal/vm/vector/VectorSupport$VectorPayload
Event: 0.023 Loading class jdk/internal/vm/vector/VectorSupport$VectorPayload done
Event: 0.023 Loading class jdk/internal/vm/vector/VectorSupport$Vector
Event: 0.023 Loading class jdk/internal/vm/vector/VectorSupport$Vector done
Event: 0.023 Loading class jdk/internal/vm/vector/VectorSupport$VectorMask
Event: 0.023 Loading class jdk/internal/vm/vector/VectorSupport$VectorMask done
Event: 0.023 Loading class jdk/internal/vm/vector/VectorSupport$VectorShuffle
Event: 0.023 Loading class jdk/internal/vm/vector/VectorSupport$VectorShuffle done
Event: 0.025 Loading class java/lang/NullPointerException
Event: 0.025 Loading class java/lang/NullPointerException done
Event: 0.025 Loading class java/lang/ArithmeticException
Event: 0.025 Loading class java/lang/ArithmeticException done

Classes unloaded (0 events):
No events

Classes redefined (0 events):
No events

Internal exceptions (0 events):
No events

VM Operations (0 events):
No events

Memory protections (0 events):
No events

Nmethod flushes (0 events):
No events

Events (0 events):
No events


Dynamic libraries:
0x00007ff79f7b0000 - 0x00007ff79f7be000 	c:\Users\ceiots\.vscode\extensions\redhat.java-1.37.0-win32-x64\jre\17.0.13-win32-x86_64\bin\java.exe
0x00007ffe6a490000 - 0x00007ffe6a688000 	C:\Windows\SYSTEM32\ntdll.dll
0x00007ffe69eb0000 - 0x00007ffe69f72000 	C:\Windows\System32\KERNEL32.DLL
0x00007ffe67fb0000 - 0x00007ffe682ae000 	C:\Windows\System32\KERNELBASE.dll
0x00007ffe682e0000 - 0x00007ffe683e0000 	C:\Windows\System32\ucrtbase.dll
0x00007ffe31f90000 - 0x00007ffe31fae000 	c:\Users\ceiots\.vscode\extensions\redhat.java-1.37.0-win32-x64\jre\17.0.13-win32-x86_64\bin\VCRUNTIME140.dll
0x00007ffe4db60000 - 0x00007ffe4db77000 	c:\Users\ceiots\.vscode\extensions\redhat.java-1.37.0-win32-x64\jre\17.0.13-win32-x86_64\bin\jli.dll
0x00007ffe68870000 - 0x00007ffe68a0d000 	C:\Windows\System32\USER32.dll
0x00007ffe682b0000 - 0x00007ffe682d2000 	C:\Windows\System32\win32u.dll
0x00007ffe6a360000 - 0x00007ffe6a38b000 	C:\Windows\System32\GDI32.dll
0x00007ffe57040000 - 0x00007ffe572da000 	C:\Windows\WinSxS\amd64_microsoft.windows.common-controls_6595b64144ccf1df_6.0.19041.4355_none_60b8b9eb71f62e16\COMCTL32.dll
0x00007ffe67b30000 - 0x00007ffe67c47000 	C:\Windows\System32\gdi32full.dll
0x00007ffe68410000 - 0x00007ffe684ad000 	C:\Windows\System32\msvcp_win.dll
0x00007ffe694d0000 - 0x00007ffe6956e000 	C:\Windows\System32\msvcrt.dll
0x00007ffe695e0000 - 0x00007ffe6960f000 	C:\Windows\System32\IMM32.DLL
0x000000006a3a0000 - 0x000000006a3ad000 	D:\install\360\360Safe\safemon\SafeWrapper.dll
0x00007ffe68aa0000 - 0x00007ffe68b51000 	C:\Windows\System32\ADVAPI32.dll
0x00007ffe6a130000 - 0x00007ffe6a1cf000 	C:\Windows\System32\sechost.dll
0x00007ffe68bc0000 - 0x00007ffe68ce3000 	C:\Windows\System32\RPCRT4.dll
0x00007ffe683e0000 - 0x00007ffe68407000 	C:\Windows\System32\bcrypt.dll
0x00007ffe54920000 - 0x00007ffe54a23000 	D:\install\360\360Safe\safemon\libzdtp64.dll
0x00007ffe69610000 - 0x00007ffe69d7d000 	C:\Windows\System32\SHELL32.dll
0x00007ffe69000000 - 0x00007ffe69055000 	C:\Windows\System32\SHLWAPI.dll
0x00007ffe676b0000 - 0x00007ffe676ba000 	C:\Windows\SYSTEM32\VERSION.dll
0x00007ffe31f80000 - 0x00007ffe31f8c000 	c:\Users\ceiots\.vscode\extensions\redhat.java-1.37.0-win32-x64\jre\17.0.13-win32-x86_64\bin\vcruntime140_1.dll
0x00007ffe248a0000 - 0x00007ffe2492d000 	c:\Users\ceiots\.vscode\extensions\redhat.java-1.37.0-win32-x64\jre\17.0.13-win32-x86_64\bin\msvcp140.dll
0x00007ffdf95f0000 - 0x00007ffdfa25b000 	c:\Users\ceiots\.vscode\extensions\redhat.java-1.37.0-win32-x64\jre\17.0.13-win32-x86_64\bin\server\jvm.dll
0x00007ffe69570000 - 0x00007ffe695db000 	C:\Windows\System32\WS2_32.dll
0x00007ffe67630000 - 0x00007ffe6767b000 	C:\Windows\SYSTEM32\POWRPROF.dll
0x00007ffe646b0000 - 0x00007ffe646d7000 	C:\Windows\SYSTEM32\WINMM.dll
0x00007ffe67610000 - 0x00007ffe67622000 	C:\Windows\SYSTEM32\UMPDC.dll
0x00007ffe662d0000 - 0x00007ffe662e2000 	C:\Windows\SYSTEM32\kernel.appcore.dll
0x00007ffe31f70000 - 0x00007ffe31f7a000 	c:\Users\ceiots\.vscode\extensions\redhat.java-1.37.0-win32-x64\jre\17.0.13-win32-x86_64\bin\jimage.dll
0x00007ffe65640000 - 0x00007ffe65824000 	C:\Windows\SYSTEM32\DBGHELP.DLL
0x00007ffe4f950000 - 0x00007ffe4f984000 	C:\Windows\SYSTEM32\dbgcore.DLL
0x00007ffe67ed0000 - 0x00007ffe67f52000 	C:\Windows\System32\bcryptPrimitives.dll
0x00007ffe24870000 - 0x00007ffe2487e000 	c:\Users\ceiots\.vscode\extensions\redhat.java-1.37.0-win32-x64\jre\17.0.13-win32-x86_64\bin\instrument.dll
0x00007ffe31f40000 - 0x00007ffe31f65000 	c:\Users\ceiots\.vscode\extensions\redhat.java-1.37.0-win32-x64\jre\17.0.13-win32-x86_64\bin\java.dll
0x00007ffe31ef0000 - 0x00007ffe31f08000 	c:\Users\ceiots\.vscode\extensions\redhat.java-1.37.0-win32-x64\jre\17.0.13-win32-x86_64\bin\zip.dll

dbghelp: loaded successfully - version: 4.0.5 - missing functions: none
symbol engine: initialized successfully - sym options: 0x614 - pdb path: .;c:\Users\ceiots\.vscode\extensions\redhat.java-1.37.0-win32-x64\jre\17.0.13-win32-x86_64\bin;C:\Windows\SYSTEM32;C:\Windows\WinSxS\amd64_microsoft.windows.common-controls_6595b64144ccf1df_6.0.19041.4355_none_60b8b9eb71f62e16;D:\install\360\360Safe\safemon;c:\Users\ceiots\.vscode\extensions\redhat.java-1.37.0-win32-x64\jre\17.0.13-win32-x86_64\bin\server

VM Arguments:
jvm_args: --add-modules=ALL-SYSTEM --add-opens=java.base/java.util=ALL-UNNAMED --add-opens=java.base/java.lang=ALL-UNNAMED --add-opens=java.base/sun.nio.fs=ALL-UNNAMED -Declipse.application=org.eclipse.jdt.ls.core.id1 -Dosgi.bundles.defaultStartLevel=4 -Declipse.product=org.eclipse.jdt.ls.core.product -Djava.import.generatesMetadataFilesAtProjectRoot=false -DDetectVMInstallationsJob.disabled=true -Dfile.encoding=utf8 -XX:+UseParallelGC -XX:GCTimeRatio=4 -XX:AdaptiveSizePolicyWeight=90 -Dsun.zip.disableMemoryMapping=true -Xmx1G -Xms100m -Xlog:disable -javaagent:c:\Users\ceiots\.vscode\extensions\redhat.java-1.37.0-win32-x64\lombok\lombok-1.18.34.jar 
java_command: c:\Users\ceiots\.vscode\extensions\redhat.java-1.37.0-win32-x64\server\plugins\org.eclipse.equinox.launcher_1.6.900.v20240613-2009.jar -configuration c:\Users\ceiots\AppData\Roaming\Code\User\globalStorage\redhat.java\1.37.0\config_ss_win -data c:\Users\ceiots\AppData\Roaming\Code\User\workspaceStorage\74aea10f64176e60cd35af38484cf8f6\redhat.java\ss_ws --pipe=\\.\pipe\lsp-07f57cfb7bc86d25bc1baebfe23c98e1-sock
java_class_path (initial): c:\Users\ceiots\.vscode\extensions\redhat.java-1.37.0-win32-x64\server\plugins\org.eclipse.equinox.launcher_1.6.900.v20240613-2009.jar
Launcher Type: SUN_STANDARD

[Global flags]
    uintx AdaptiveSizePolicyWeight                 = 90                                        {product} {command line}
     intx CICompilerCount                          = 12                                        {product} {ergonomic}
    uintx GCTimeRatio                              = 4                                         {product} {command line}
   size_t InitialHeapSize                          = 104857600                                 {product} {command line}
   size_t MaxHeapSize                              = 1073741824                                {product} {command line}
   size_t MaxNewSize                               = 357564416                                 {product} {ergonomic}
   size_t MinHeapDeltaBytes                        = 524288                                    {product} {ergonomic}
   size_t MinHeapSize                              = 104857600                                 {product} {command line}
   size_t NewSize                                  = 34603008                                  {product} {ergonomic}
    uintx NonNMethodCodeHeapSize                   = 7602480                                {pd product} {ergonomic}
    uintx NonProfiledCodeHeapSize                  = 122027880                              {pd product} {ergonomic}
   size_t OldSize                                  = 70254592                                  {product} {ergonomic}
    uintx ProfiledCodeHeapSize                     = 122027880                              {pd product} {ergonomic}
    uintx ReservedCodeCacheSize                    = 251658240                              {pd product} {ergonomic}
     bool SegmentedCodeCache                       = true                                      {product} {ergonomic}
   size_t SoftMaxHeapSize                          = 1073741824                             {manageable} {ergonomic}
     bool UseCompressedClassPointers               = true                           {product lp64_product} {ergonomic}
     bool UseCompressedOops                        = true                           {product lp64_product} {ergonomic}
     bool UseLargePagesIndividualAllocation        = false                                  {pd product} {ergonomic}
     bool UseParallelGC                            = true                                      {product} {command line}

Logging:
Log output configuration:
 #0: stdout all=off uptime,level,tags
 #1: stderr all=off uptime,level,tags

Environment Variables:
JAVA_HOME=D:\install\jdk17
CLASSPATH=.;D:\install\jdk17\lib;D:\install\jdk17\lib\tools.jar;D:\install\apache-maven-3.9.9\bin\;D:\install\apache-tomcat-8.5.66\lib\servlet-api.jar;
PATH=D:\install\python3.13.0\Scripts\;D:\install\python3.13.0\;C:\Program Files\Common Files\Oracle\Java\javapath;D:\install\python3.13.0\script;D:\install\nodeJs\node_global;C:\Windows\system32;C:\Windows;C:\Windows\System32\Wbem;C:\Windows\System32\WindowsPowerShell\v1.0\;C:\Windows\System32\OpenSSH\;D:\install\nodeJs\node_modules\npm;D:\install\apache-maven-3.9.9\bin;D:\install\apache-tomcat-8.5.66\bin;D:\install\apache-tomcat-8.5.66\lib;D:\install\php;D:\install\mogodb;D:\install\微信小程序开发工具\微信web开发者工具\dll;D:\install\Visu;l Studio\VC\Tools\MSVC\14.41.34120\bin\Hostx86\x64;D:\install\gradle-8.10.1\bin;D:\install\jdk17\bin;D:\install\微信web开发者工具\dll;D:\install\Git\cmd;D:\install\node\;D:\install\flink-1.11.2\bin;D:\install\7\;C:\Program Files\Docker\Docker\resources\bin;D:\install\chocolatey\bin;D:\install\mysql\bin;C:\Program Files\Microsoft SQL Server\150\Tools\Binn\;D:\install\android-stutio-sdk\cmdline-tools\latest\bin;D:\install\android-stutio-sdk\cmake\3.31.0\bin;D:\install\yarn\bin\;D:\install\android-stutio-sdk\platform-tools;D:\install\python3.13.0;C:\Users\ceiots\AppData\Local\Microsoft\WindowsApps;D:\install\nodeJs\node_global;D:\install\IntelliJ IDEA 2021.3\bin;D:\install\IntelliJ IDEA Community Edition 2020.3.2\bin;D:\install\WinMerge\DataGrip 2022.1.2\bin;C:\Users\ceiots\AppData\Roaming\Composer\vendor\bin;D:\install\Microsoft VS Code\bin;D:\install\flutter\bin;C:\Users\ceiots\AppData\Roaming\npm;C:\Users\ceiots\AppData\Local\Yarn\bin;C:\Users\ceiots\.cache\lm-studio\bin;
USERNAME=ceiots
OS=Windows_NT
PROCESSOR_IDENTIFIER=AMD64 Family 23 Model 96 Stepping 1, AuthenticAMD
TMP=C:\Users\ceiots\AppData\Local\Temp
TEMP=C:\Users\ceiots\AppData\Local\Temp



Periodic native trim disabled


---------------  S Y S T E M  ---------------

OS:
 Windows 10 , 64 bit Build 19041 (10.0.19041.5072)
OS uptime: 0 days 18:30 hours
Hyper-V role detected

CPU: total 16 (initial active 16) (16 cores per cpu, 2 threads per core) family 23 model 96 stepping 1 microcode 0x0, cx8, cmov, fxsr, ht, mmx, 3dnowpref, sse, sse2, sse3, ssse3, sse4a, sse4.1, sse4.2, popcnt, lzcnt, tsc, tscinvbit, avx, avx2, aes, clmul, bmi1, bmi2, adx, sha, fma, vzeroupper, clflush, clflushopt, hv
Processor Information for all 16 processors :
  Max Mhz: 2900, Current Mhz: 2900, Mhz Limit: 2900

Memory: 4k page, system-wide physical 15741M (3058M free)
TotalPageFile size 49446M (AvailPageFile size 5M)
current process WorkingSet (physical memory assigned to process): 17M, peak: 17M
current process commit charge ("private bytes"): 174M, peak: 175M

vm_info: OpenJDK 64-Bit Server VM (17.0.13+11) for windows-amd64 JRE (17.0.13+11), built on Oct 16 2024 00:10:08 by "admin" with MS VC++ 17.7 (VS2022)

END.
