2025-06-07 17:53:18.121 [main] INFO  com.example.DailyDiscoverApplication - Starting DailyDiscoverApplication v0.0.1-SNAPSHOT using Java 17.0.12 on LAPTOP-UQAKPEVT with PID 39256 (D:\daily-discover\daily-discover-server\target\daily-discover-0.0.1-SNAPSHOT.jar started by ceiots in D:\daily-discover\daily-discover-server)
2025-06-07 17:53:18.151 [main] INFO  com.example.DailyDiscoverApplication - No active profile set, falling back to 1 default profile: "default"
2025-06-07 17:53:23.174 [main] INFO  o.s.d.r.c.RepositoryConfigurationDelegate - Multiple Spring Data modules found, entering strict repository configuration mode
2025-06-07 17:53:23.189 [main] INFO  o.s.d.r.c.RepositoryConfigurationDelegate - Bootstrapping Spring Data Redis repositories in DEFAULT mode.
2025-06-07 17:53:23.298 [main] INFO  o.s.d.r.c.RepositoryConfigurationDelegate - Finished Spring Data repository scanning in 48 ms. Found 0 Redis repository interfaces.
2025-06-07 17:53:25.744 [main] INFO  com.example.config.WebConfig - 配置Tomcat服务器，设置最大请求体大小为100MB
2025-06-07 17:53:27.390 [main] INFO  o.s.b.w.e.tomcat.TomcatWebServer - Tomcat initialized with port(s): 8081 (http)
2025-06-07 17:53:27.420 [main] INFO  o.a.catalina.core.StandardService - Starting service [Tomcat]
2025-06-07 17:53:27.422 [main] INFO  o.a.catalina.core.StandardEngine - Starting Servlet engine: [Apache Tomcat/9.0.83]
2025-06-07 17:53:27.668 [main] INFO  o.a.c.c.C.[.[.[/daily-discover] - Initializing Spring embedded WebApplicationContext
2025-06-07 17:53:27.670 [main] INFO  o.s.b.w.s.c.ServletWebServerApplicationContext - Root WebApplicationContext: initialization completed in 9344 ms
2025-06-07 17:53:27.910 [main] INFO  c.a.d.s.b.a.DruidDataSourceAutoConfigure - Init DruidDataSource
2025-06-07 17:53:28.465 [main] INFO  c.alibaba.druid.pool.DruidDataSource - {dataSource-1} inited
2025-06-07 17:53:30.619 [main] ERROR c.b.m.core.MybatisConfiguration - mapper[com.example.mapper.OrderMapper.findOrderItemsByOrderId] is ignored, because it exists, maybe from xml file
2025-06-07 17:53:30.637 [main] ERROR c.b.m.core.MybatisConfiguration - mapper[com.example.mapper.OrderMapper.insertOrder] is ignored, because it exists, maybe from xml file
2025-06-07 17:53:30.642 [main] ERROR c.b.m.core.MybatisConfiguration - mapper[com.example.mapper.OrderMapper.cancelOrder] is ignored, because it exists, maybe from xml file
2025-06-07 17:53:30.645 [main] ERROR c.b.m.core.MybatisConfiguration - mapper[com.example.mapper.OrderMapper.cancelOrder] is ignored, because it exists, maybe from xml file
2025-06-07 17:53:30.674 [main] ERROR c.b.m.core.MybatisConfiguration - mapper[com.example.mapper.UserMapper.findByPhoneNumber] is ignored, because it exists, maybe from xml file
2025-06-07 17:53:31.790 [main] INFO  com.example.config.WebClientConfig - 创建WebClient.Builder，预配置Content-Type为application/json
2025-06-07 17:53:37.684 [main] INFO  o.s.s.web.DefaultSecurityFilterChain - Will secure any request with [org.springframework.security.web.session.DisableEncodeUrlFilter@56637cff, org.springframework.security.web.context.request.async.WebAsyncManagerIntegrationFilter@2938127d, org.springframework.security.web.context.SecurityContextPersistenceFilter@2cae9b8, org.springframework.security.web.header.HeaderWriterFilter@333c8791, org.springframework.web.filter.CorsFilter@127a7272, org.springframework.security.web.authentication.logout.LogoutFilter@4dba773d, org.springframework.security.web.savedrequest.RequestCacheAwareFilter@25aeb5ac, org.springframework.security.web.servletapi.SecurityContextHolderAwareRequestFilter@3bd2af5b, org.springframework.security.web.authentication.AnonymousAuthenticationFilter@ff23ae7, org.springframework.security.web.session.SessionManagementFilter@6a1d3225, org.springframework.security.web.access.ExceptionTranslationFilter@7b948f3e, org.springframework.security.web.access.intercept.AuthorizationFilter@5a1c3cb4]
2025-06-07 17:53:40.206 [main] INFO  com.example.config.WebConfig - 注册UserIdInterceptor拦截器
2025-06-07 17:53:43.778 [main] INFO  o.s.b.a.e.web.EndpointLinksResolver - Exposing 1 endpoint(s) beneath base path '/actuator'
2025-06-07 17:53:44.022 [main] INFO  o.s.b.w.e.tomcat.TomcatWebServer - Tomcat started on port(s): 8081 (http) with context path '/daily-discover'
2025-06-07 17:53:44.028 [main] INFO  o.s.m.s.b.SimpleBrokerMessageHandler - Starting...
2025-06-07 17:53:44.030 [main] INFO  o.s.m.s.b.SimpleBrokerMessageHandler - BrokerAvailabilityEvent[available=true, SimpleBrokerMessageHandler [org.springframework.messaging.simp.broker.DefaultSubscriptionRegistry@3e900e1a]]
2025-06-07 17:53:44.032 [main] INFO  o.s.m.s.b.SimpleBrokerMessageHandler - Started.
2025-06-07 17:53:44.103 [main] INFO  com.example.DailyDiscoverApplication - Started DailyDiscoverApplication in 28.217 seconds (JVM running for 30.231)
2025-06-07 17:54:38.016 [MessageBroker-1] INFO  o.s.w.s.c.WebSocketMessageBrokerStats - WebSocketSession[0 current WS(0)-HttpStream(0)-HttpPoll(0), 0 total, 0 closed abnormally (0 connect failure, 0 send limit, 0 transport error)], stompSubProtocol[processed CONNECT(0)-CONNECTED(0)-DISCONNECT(0)], stompBrokerRelay[null], inboundChannel[pool size = 0, active threads = 0, queued tasks = 0, completed tasks = 0], outboundChannel[pool size = 0, active threads = 0, queued tasks = 0, completed tasks = 0], sockJsScheduler[pool size = 1, active threads = 1, queued tasks = 0, completed tasks = 0]
